<?xml version="1.0" encoding="UTF-8"?>
<!-- Generated by org.testng.reporters.JUnitReportReporter -->
<testsuite hostname="DESKTOP-KO6OCH7" failures="0" tests="1" name="practice.Practice3" time="41.206" errors="0" timestamp="2023-07-09T12:01:37 IST" skipped="0">
  <testcase classname="practice.Practice3" name="prac3" time="41.206"/>
  <system-out/>
</testsuite> <!-- practice.Practice3 -->
