<?xml version="1.0" encoding="UTF-8"?>
<!-- Generated by org.testng.reporters.JUnitReportReporter -->
<testsuite hostname="DESKTOP-KO6OCH7" failures="0" tests="1" name="practice.Practice2" time="21.954" errors="0" timestamp="2023-07-09T11:59:19 IST" skipped="0">
  <testcase classname="practice.Practice2" name="prac" time="21.954"/>
  <system-out/>
</testsuite> <!-- practice.Practice2 -->
