<?xml version="1.0" encoding="UTF-8"?>
<!-- Generated by org.testng.reporters.JUnitReportReporter -->
<testsuite hostname="DESKTOP-KO6OCH7" failures="0" tests="1" name="practice.Practice1" time="39.556" errors="0" timestamp="2023-07-09T12:09:27 IST" skipped="0">
  <testcase classname="practice.Practice1" name="prac" time="39.556"/>
  <system-out/>
</testsuite> <!-- practice.Practice1 -->
